0 info it worked if it ends with ok
1 verbose cli [ 'C:\\Program Files (x86)\\nodejs\\\\node.exe',
1 verbose cli   'C:\\Program Files (x86)\\nodejs\\node_modules\\npm\\bin\\npm-cli.js',
1 verbose cli   'run',
1 verbose cli   'start' ]
2 info using npm@2.7.0
3 info using node@v0.10.35
4 verbose node symlink C:\Program Files (x86)\nodejs\\node.exe
5 verbose stack Error: missing script: start
5 verbose stack     at run (C:\Program Files (x86)\nodejs\node_modules\npm\lib\run-script.js:165:19)
5 verbose stack     at C:\Program Files (x86)\nodejs\node_modules\npm\lib\run-script.js:81:5
5 verbose stack     at C:\Program Files (x86)\nodejs\node_modules\npm\node_modules\read-package-json\read-json.js:51:40
5 verbose stack     at C:\Program Files (x86)\nodejs\node_modules\npm\node_modules\read-package-json\read-json.js:375:33
5 verbose stack     at checkBinReferences_ (C:\Program Files (x86)\nodejs\node_modules\npm\node_modules\read-package-json\read-json.js:340:59)
5 verbose stack     at final (C:\Program Files (x86)\nodejs\node_modules\npm\node_modules\read-package-json\read-json.js:372:17)
5 verbose stack     at then (C:\Program Files (x86)\nodejs\node_modules\npm\node_modules\read-package-json\read-json.js:126:33)
5 verbose stack     at C:\Program Files (x86)\nodejs\node_modules\npm\node_modules\read-package-json\read-json.js:316:48
5 verbose stack     at evalmachine.<anonymous>:208:20
5 verbose stack     at OpenReq.Req.done (C:\Program Files (x86)\nodejs\node_modules\npm\node_modules\graceful-fs\graceful-fs.js:141:5)
6 verbose cwd C:\Users\LeeWilson\WebstormProjects\cp-async
7 error Windows_NT 6.2.9200
8 error argv "C:\\Program Files (x86)\\nodejs\\\\node.exe" "C:\\Program Files (x86)\\nodejs\\node_modules\\npm\\bin\\npm-cli.js" "run" "start"
9 error node v0.10.35
10 error npm  v2.7.0
11 error missing script: start
12 error If you need help, you may report this error at:
12 error     <http://github.com/npm/npm/issues>
13 verbose exit [ 1, true ]
